{"C:\\Users\\eduardo.langner\\Desktop\\see\\see-backend\\src\\app.js": {"path":"C:\\Users\\eduardo.langner\\Desktop\\see\\see-backend\\src\\app.js","statementMap":{"0":{"start":{"line":1,"column":16},"end":{"line":1,"column":34}},"1":{"start":{"line":2,"column":15},"end":{"line":2,"column":32}},"2":{"start":{"line":3,"column":13},"end":{"line":3,"column":28}},"3":{"start":{"line":4,"column":12},"end":{"line":4,"column":21}},"4":{"start":{"line":5,"column":20},"end":{"line":5,"column":51}},"5":{"start":{"line":6,"column":20},"end":{"line":6,"column":51}},"6":{"start":{"line":7,"column":20},"end":{"line":7,"column":51}},"7":{"start":{"line":8,"column":20},"end":{"line":8,"column":51}},"8":{"start":{"line":9,"column":22},"end":{"line":9,"column":55}},"9":{"start":{"line":11,"column":0},"end":{"line":11,"column":27}},"10":{"start":{"line":13,"column":0},"end":{"line":20,"column":2}},"11":{"start":{"line":14,"column":4},"end":{"line":14,"column":19}},"12":{"start":{"line":15,"column":4},"end":{"line":15,"column":71}},"13":{"start":{"line":16,"column":4},"end":{"line":16,"column":72}},"14":{"start":{"line":17,"column":4},"end":{"line":17,"column":111}},"15":{"start":{"line":18,"column":4},"end":{"line":18,"column":40}},"16":{"start":{"line":19,"column":4},"end":{"line":19,"column":10}},"17":{"start":{"line":21,"column":0},"end":{"line":21,"column":23}},"18":{"start":{"line":22,"column":0},"end":{"line":22,"column":22}},"19":{"start":{"line":23,"column":0},"end":{"line":23,"column":20}},"20":{"start":{"line":24,"column":0},"end":{"line":24,"column":20}},"21":{"start":{"line":25,"column":0},"end":{"line":25,"column":20}},"22":{"start":{"line":26,"column":0},"end":{"line":26,"column":20}},"23":{"start":{"line":27,"column":0},"end":{"line":27,"column":22}},"24":{"start":{"line":29,"column":0},"end":{"line":29,"column":20}}},"fnMap":{"0":{"name":"(anonymous_0)","decl":{"start":{"line":13,"column":8},"end":{"line":13,"column":9}},"loc":{"start":{"line":13,"column":28},"end":{"line":20,"column":1}},"line":13}},"branchMap":{},"s":{"0":1,"1":1,"2":1,"3":1,"4":1,"5":1,"6":1,"7":1,"8":1,"9":1,"10":1,"11":5,"12":5,"13":5,"14":5,"15":5,"16":5,"17":1,"18":1,"19":1,"20":1,"21":1,"22":1,"23":1,"24":1},"f":{"0":5},"b":{},"_coverageSchema":"1a1c01bbd47fc00a2c39e90264f33305004495a9","hash":"cdedf5e5e0061503903b068c128222f13a24f381"}
,"C:\\Users\\eduardo.langner\\Desktop\\see\\see-backend\\src\\config\\database.js": {"path":"C:\\Users\\eduardo.langner\\Desktop\\see\\see-backend\\src\\config\\database.js","statementMap":{"0":{"start":{"line":1,"column":0},"end":{"line":1,"column":26}},"1":{"start":{"line":3,"column":0},"end":{"line":16,"column":1}}},"fnMap":{},"branchMap":{},"s":{"0":1,"1":1},"f":{},"b":{},"_coverageSchema":"1a1c01bbd47fc00a2c39e90264f33305004495a9","hash":"25a82437594ad951f03ae3931358c3498ab93414"}
,"C:\\Users\\eduardo.langner\\Desktop\\see\\see-backend\\src\\controllers\\episodeController.js": {"path":"C:\\Users\\eduardo.langner\\Desktop\\see\\see-backend\\src\\controllers\\episodeController.js","statementMap":{"0":{"start":{"line":1,"column":16},"end":{"line":1,"column":44}},"1":{"start":{"line":3,"column":0},"end":{"line":47,"column":1}},"2":{"start":{"line":6,"column":8},"end":{"line":11,"column":9}},"3":{"start":{"line":7,"column":28},"end":{"line":7,"column":51}},"4":{"start":{"line":8,"column":12},"end":{"line":8,"column":48}},"5":{"start":{"line":10,"column":12},"end":{"line":10,"column":73}},"6":{"start":{"line":15,"column":8},"end":{"line":25,"column":9}},"7":{"start":{"line":16,"column":23},"end":{"line":16,"column":36}},"8":{"start":{"line":17,"column":28},"end":{"line":21,"column":14}},"9":{"start":{"line":22,"column":12},"end":{"line":22,"column":48}},"10":{"start":{"line":24,"column":12},"end":{"line":24,"column":73}},"11":{"start":{"line":29,"column":8},"end":{"line":34,"column":9}},"12":{"start":{"line":30,"column":28},"end":{"line":30,"column":62}},"13":{"start":{"line":31,"column":12},"end":{"line":31,"column":48}},"14":{"start":{"line":33,"column":12},"end":{"line":33,"column":75}},"15":{"start":{"line":38,"column":8},"end":{"line":45,"column":9}},"16":{"start":{"line":39,"column":25},"end":{"line":39,"column":35}},"17":{"start":{"line":40,"column":28},"end":{"line":40,"column":54}},"18":{"start":{"line":41,"column":12},"end":{"line":41,"column":35}},"19":{"start":{"line":42,"column":12},"end":{"line":42,"column":48}},"20":{"start":{"line":44,"column":12},"end":{"line":44,"column":75}}},"fnMap":{"0":{"name":"(anonymous_0)","decl":{"start":{"line":5,"column":4},"end":{"line":5,"column":5}},"loc":{"start":{"line":5,"column":31},"end":{"line":12,"column":5}},"line":5},"1":{"name":"(anonymous_1)","decl":{"start":{"line":14,"column":4},"end":{"line":14,"column":5}},"loc":{"start":{"line":14,"column":38},"end":{"line":26,"column":5}},"line":14},"2":{"name":"(anonymous_2)","decl":{"start":{"line":28,"column":4},"end":{"line":28,"column":5}},"loc":{"start":{"line":28,"column":32},"end":{"line":35,"column":5}},"line":28},"3":{"name":"(anonymous_3)","decl":{"start":{"line":37,"column":4},"end":{"line":37,"column":5}},"loc":{"start":{"line":37,"column":38},"end":{"line":46,"column":5}},"line":37}},"branchMap":{},"s":{"0":1,"1":1,"2":1,"3":1,"4":1,"5":0,"6":0,"7":0,"8":0,"9":0,"10":0,"11":0,"12":0,"13":0,"14":0,"15":0,"16":0,"17":0,"18":0,"19":0,"20":0},"f":{"0":1,"1":0,"2":0,"3":0},"b":{},"_coverageSchema":"1a1c01bbd47fc00a2c39e90264f33305004495a9","hash":"543ca160109b0ba27a7d2f079cb897d3e0dfb169"}
,"C:\\Users\\eduardo.langner\\Desktop\\see\\see-backend\\src\\controllers\\genreController.js": {"path":"C:\\Users\\eduardo.langner\\Desktop\\see\\see-backend\\src\\controllers\\genreController.js","statementMap":{"0":{"start":{"line":1,"column":14},"end":{"line":1,"column":40}},"1":{"start":{"line":3,"column":0},"end":{"line":33,"column":1}},"2":{"start":{"line":6,"column":8},"end":{"line":11,"column":9}},"3":{"start":{"line":7,"column":27},"end":{"line":7,"column":48}},"4":{"start":{"line":8,"column":12},"end":{"line":8,"column":47}},"5":{"start":{"line":10,"column":12},"end":{"line":10,"column":71}},"6":{"start":{"line":15,"column":8},"end":{"line":20,"column":9}},"7":{"start":{"line":16,"column":26},"end":{"line":16,"column":58}},"8":{"start":{"line":17,"column":12},"end":{"line":17,"column":46}},"9":{"start":{"line":19,"column":12},"end":{"line":19,"column":73}},"10":{"start":{"line":24,"column":8},"end":{"line":31,"column":9}},"11":{"start":{"line":25,"column":25},"end":{"line":25,"column":35}},"12":{"start":{"line":26,"column":26},"end":{"line":26,"column":50}},"13":{"start":{"line":27,"column":12},"end":{"line":27,"column":33}},"14":{"start":{"line":28,"column":12},"end":{"line":28,"column":46}},"15":{"start":{"line":30,"column":12},"end":{"line":30,"column":73}}},"fnMap":{"0":{"name":"(anonymous_0)","decl":{"start":{"line":5,"column":4},"end":{"line":5,"column":5}},"loc":{"start":{"line":5,"column":29},"end":{"line":12,"column":5}},"line":5},"1":{"name":"(anonymous_1)","decl":{"start":{"line":14,"column":4},"end":{"line":14,"column":5}},"loc":{"start":{"line":14,"column":30},"end":{"line":21,"column":5}},"line":14},"2":{"name":"(anonymous_2)","decl":{"start":{"line":23,"column":4},"end":{"line":23,"column":5}},"loc":{"start":{"line":23,"column":36},"end":{"line":32,"column":5}},"line":23}},"branchMap":{},"s":{"0":1,"1":1,"2":1,"3":1,"4":1,"5":0,"6":0,"7":0,"8":0,"9":0,"10":0,"11":0,"12":0,"13":0,"14":0,"15":0},"f":{"0":1,"1":0,"2":0},"b":{},"_coverageSchema":"1a1c01bbd47fc00a2c39e90264f33305004495a9","hash":"fade43e714a67094ced4fa9eee5957f287d95101"}
,"C:\\Users\\eduardo.langner\\Desktop\\see\\see-backend\\src\\controllers\\movieController.js": {"path":"C:\\Users\\eduardo.langner\\Desktop\\see\\see-backend\\src\\controllers\\movieController.js","statementMap":{"0":{"start":{"line":1,"column":14},"end":{"line":1,"column":40}},"1":{"start":{"line":3,"column":0},"end":{"line":33,"column":1}},"2":{"start":{"line":6,"column":8},"end":{"line":11,"column":9}},"3":{"start":{"line":7,"column":26},"end":{"line":7,"column":47}},"4":{"start":{"line":8,"column":12},"end":{"line":8,"column":46}},"5":{"start":{"line":10,"column":12},"end":{"line":10,"column":71}},"6":{"start":{"line":15,"column":8},"end":{"line":20,"column":9}},"7":{"start":{"line":16,"column":26},"end":{"line":16,"column":58}},"8":{"start":{"line":17,"column":12},"end":{"line":17,"column":46}},"9":{"start":{"line":19,"column":12},"end":{"line":19,"column":73}},"10":{"start":{"line":24,"column":8},"end":{"line":31,"column":9}},"11":{"start":{"line":25,"column":25},"end":{"line":25,"column":35}},"12":{"start":{"line":26,"column":26},"end":{"line":26,"column":50}},"13":{"start":{"line":27,"column":12},"end":{"line":27,"column":33}},"14":{"start":{"line":28,"column":12},"end":{"line":28,"column":46}},"15":{"start":{"line":30,"column":12},"end":{"line":30,"column":73}}},"fnMap":{"0":{"name":"(anonymous_0)","decl":{"start":{"line":5,"column":4},"end":{"line":5,"column":5}},"loc":{"start":{"line":5,"column":29},"end":{"line":12,"column":5}},"line":5},"1":{"name":"(anonymous_1)","decl":{"start":{"line":14,"column":4},"end":{"line":14,"column":5}},"loc":{"start":{"line":14,"column":30},"end":{"line":21,"column":5}},"line":14},"2":{"name":"(anonymous_2)","decl":{"start":{"line":23,"column":4},"end":{"line":23,"column":5}},"loc":{"start":{"line":23,"column":36},"end":{"line":32,"column":5}},"line":23}},"branchMap":{},"s":{"0":1,"1":1,"2":1,"3":1,"4":1,"5":0,"6":0,"7":0,"8":0,"9":0,"10":0,"11":0,"12":0,"13":0,"14":0,"15":0},"f":{"0":1,"1":0,"2":0},"b":{},"_coverageSchema":"1a1c01bbd47fc00a2c39e90264f33305004495a9","hash":"b120443997b22ee31423c65c09ef886a54c61b20"}
,"C:\\Users\\eduardo.langner\\Desktop\\see\\see-backend\\src\\controllers\\serieController.js": {"path":"C:\\Users\\eduardo.langner\\Desktop\\see\\see-backend\\src\\controllers\\serieController.js","statementMap":{"0":{"start":{"line":1,"column":14},"end":{"line":1,"column":40}},"1":{"start":{"line":3,"column":0},"end":{"line":33,"column":1}},"2":{"start":{"line":6,"column":8},"end":{"line":11,"column":9}},"3":{"start":{"line":7,"column":26},"end":{"line":7,"column":47}},"4":{"start":{"line":8,"column":12},"end":{"line":8,"column":46}},"5":{"start":{"line":10,"column":12},"end":{"line":10,"column":71}},"6":{"start":{"line":15,"column":8},"end":{"line":20,"column":9}},"7":{"start":{"line":16,"column":26},"end":{"line":16,"column":58}},"8":{"start":{"line":17,"column":12},"end":{"line":17,"column":46}},"9":{"start":{"line":19,"column":12},"end":{"line":19,"column":73}},"10":{"start":{"line":24,"column":8},"end":{"line":31,"column":9}},"11":{"start":{"line":25,"column":25},"end":{"line":25,"column":35}},"12":{"start":{"line":26,"column":26},"end":{"line":26,"column":50}},"13":{"start":{"line":27,"column":12},"end":{"line":27,"column":33}},"14":{"start":{"line":28,"column":12},"end":{"line":28,"column":46}},"15":{"start":{"line":30,"column":12},"end":{"line":30,"column":73}}},"fnMap":{"0":{"name":"(anonymous_0)","decl":{"start":{"line":5,"column":4},"end":{"line":5,"column":5}},"loc":{"start":{"line":5,"column":29},"end":{"line":12,"column":5}},"line":5},"1":{"name":"(anonymous_1)","decl":{"start":{"line":14,"column":4},"end":{"line":14,"column":5}},"loc":{"start":{"line":14,"column":30},"end":{"line":21,"column":5}},"line":14},"2":{"name":"(anonymous_2)","decl":{"start":{"line":23,"column":4},"end":{"line":23,"column":5}},"loc":{"start":{"line":23,"column":36},"end":{"line":32,"column":5}},"line":23}},"branchMap":{},"s":{"0":1,"1":1,"2":1,"3":1,"4":1,"5":0,"6":0,"7":0,"8":0,"9":0,"10":0,"11":0,"12":0,"13":0,"14":0,"15":0},"f":{"0":1,"1":0,"2":0},"b":{},"_coverageSchema":"1a1c01bbd47fc00a2c39e90264f33305004495a9","hash":"5f5fcd786ad49cc477dd23999f049aab8bd2a6ce"}
,"C:\\Users\\eduardo.langner\\Desktop\\see\\see-backend\\src\\database\\index.js": {"path":"C:\\Users\\eduardo.langner\\Desktop\\see\\see-backend\\src\\database\\index.js","statementMap":{"0":{"start":{"line":1,"column":19},"end":{"line":1,"column":39}},"1":{"start":{"line":2,"column":17},"end":{"line":2,"column":46}},"2":{"start":{"line":4,"column":14},"end":{"line":4,"column":40}},"3":{"start":{"line":5,"column":14},"end":{"line":5,"column":40}},"4":{"start":{"line":6,"column":14},"end":{"line":6,"column":40}},"5":{"start":{"line":7,"column":16},"end":{"line":7,"column":44}},"6":{"start":{"line":9,"column":19},"end":{"line":9,"column":42}},"7":{"start":{"line":11,"column":0},"end":{"line":11,"column":22}},"8":{"start":{"line":12,"column":0},"end":{"line":12,"column":22}},"9":{"start":{"line":13,"column":0},"end":{"line":13,"column":22}},"10":{"start":{"line":14,"column":0},"end":{"line":14,"column":24}},"11":{"start":{"line":16,"column":0},"end":{"line":16,"column":48}},"12":{"start":{"line":18,"column":0},"end":{"line":18,"column":27}}},"fnMap":{},"branchMap":{},"s":{"0":1,"1":1,"2":1,"3":1,"4":1,"5":1,"6":1,"7":1,"8":1,"9":1,"10":1,"11":1,"12":1},"f":{},"b":{},"_coverageSchema":"1a1c01bbd47fc00a2c39e90264f33305004495a9","hash":"6de681dc5f86e748382128ed9b35bc3b716b92f5"}
,"C:\\Users\\eduardo.langner\\Desktop\\see\\see-backend\\src\\models\\Episode.js": {"path":"C:\\Users\\eduardo.langner\\Desktop\\see\\see-backend\\src\\models\\Episode.js","statementMap":{"0":{"start":{"line":1,"column":27},"end":{"line":1,"column":47}},"1":{"start":{"line":5,"column":8},"end":{"line":13,"column":10}},"2":{"start":{"line":17,"column":0},"end":{"line":17,"column":24}}},"fnMap":{"0":{"name":"(anonymous_0)","decl":{"start":{"line":4,"column":4},"end":{"line":4,"column":5}},"loc":{"start":{"line":4,"column":27},"end":{"line":14,"column":5}},"line":4}},"branchMap":{},"s":{"0":1,"1":1,"2":1},"f":{"0":1},"b":{},"_coverageSchema":"1a1c01bbd47fc00a2c39e90264f33305004495a9","hash":"3075f6279a4714cc30479484e805baabc835be57"}
,"C:\\Users\\eduardo.langner\\Desktop\\see\\see-backend\\src\\models\\Genre.js": {"path":"C:\\Users\\eduardo.langner\\Desktop\\see\\see-backend\\src\\models\\Genre.js","statementMap":{"0":{"start":{"line":1,"column":27},"end":{"line":1,"column":47}},"1":{"start":{"line":5,"column":8},"end":{"line":9,"column":10}},"2":{"start":{"line":13,"column":0},"end":{"line":13,"column":22}}},"fnMap":{"0":{"name":"(anonymous_0)","decl":{"start":{"line":4,"column":4},"end":{"line":4,"column":5}},"loc":{"start":{"line":4,"column":27},"end":{"line":10,"column":5}},"line":4}},"branchMap":{},"s":{"0":1,"1":1,"2":1},"f":{"0":1},"b":{},"_coverageSchema":"1a1c01bbd47fc00a2c39e90264f33305004495a9","hash":"f779e70a486ae69e9443aabfaf072851f88be36a"}
,"C:\\Users\\eduardo.langner\\Desktop\\see\\see-backend\\src\\models\\Movie.js": {"path":"C:\\Users\\eduardo.langner\\Desktop\\see\\see-backend\\src\\models\\Movie.js","statementMap":{"0":{"start":{"line":1,"column":27},"end":{"line":1,"column":47}},"1":{"start":{"line":5,"column":8},"end":{"line":15,"column":10}},"2":{"start":{"line":19,"column":0},"end":{"line":19,"column":22}}},"fnMap":{"0":{"name":"(anonymous_0)","decl":{"start":{"line":4,"column":4},"end":{"line":4,"column":5}},"loc":{"start":{"line":4,"column":27},"end":{"line":16,"column":5}},"line":4}},"branchMap":{},"s":{"0":1,"1":1,"2":1},"f":{"0":1},"b":{},"_coverageSchema":"1a1c01bbd47fc00a2c39e90264f33305004495a9","hash":"c6603a3ac84917bce3d0f4c3dc6920044eacbf1f"}
,"C:\\Users\\eduardo.langner\\Desktop\\see\\see-backend\\src\\models\\Serie.js": {"path":"C:\\Users\\eduardo.langner\\Desktop\\see\\see-backend\\src\\models\\Serie.js","statementMap":{"0":{"start":{"line":1,"column":27},"end":{"line":1,"column":47}},"1":{"start":{"line":5,"column":8},"end":{"line":15,"column":10}},"2":{"start":{"line":19,"column":0},"end":{"line":19,"column":22}}},"fnMap":{"0":{"name":"(anonymous_0)","decl":{"start":{"line":4,"column":4},"end":{"line":4,"column":5}},"loc":{"start":{"line":4,"column":27},"end":{"line":16,"column":5}},"line":4}},"branchMap":{},"s":{"0":1,"1":1,"2":1},"f":{"0":1},"b":{},"_coverageSchema":"1a1c01bbd47fc00a2c39e90264f33305004495a9","hash":"8cab1ddf0afdb7136b6ee9f46d45ad9253c68d9c"}
,"C:\\Users\\eduardo.langner\\Desktop\\see\\see-backend\\src\\routes\\episodeRouter.js": {"path":"C:\\Users\\eduardo.langner\\Desktop\\see\\see-backend\\src\\routes\\episodeRouter.js","statementMap":{"0":{"start":{"line":1,"column":16},"end":{"line":1,"column":34}},"1":{"start":{"line":2,"column":26},"end":{"line":2,"column":69}},"2":{"start":{"line":3,"column":15},"end":{"line":3,"column":31}},"3":{"start":{"line":5,"column":0},"end":{"line":5,"column":60}},"4":{"start":{"line":6,"column":0},"end":{"line":6,"column":54}},"5":{"start":{"line":7,"column":0},"end":{"line":7,"column":65}},"6":{"start":{"line":8,"column":0},"end":{"line":8,"column":72}},"7":{"start":{"line":10,"column":0},"end":{"line":10,"column":23}}},"fnMap":{},"branchMap":{},"s":{"0":1,"1":1,"2":1,"3":1,"4":1,"5":1,"6":1,"7":1},"f":{},"b":{},"_coverageSchema":"1a1c01bbd47fc00a2c39e90264f33305004495a9","hash":"37a18b12606942bf63259b9b06cf4f654d8fe50f"}
,"C:\\Users\\eduardo.langner\\Desktop\\see\\see-backend\\src\\routes\\genreRouter.js": {"path":"C:\\Users\\eduardo.langner\\Desktop\\see\\see-backend\\src\\routes\\genreRouter.js","statementMap":{"0":{"start":{"line":1,"column":16},"end":{"line":1,"column":34}},"1":{"start":{"line":2,"column":24},"end":{"line":2,"column":65}},"2":{"start":{"line":3,"column":15},"end":{"line":3,"column":31}},"3":{"start":{"line":5,"column":0},"end":{"line":5,"column":54}},"4":{"start":{"line":6,"column":0},"end":{"line":6,"column":48}},"5":{"start":{"line":7,"column":0},"end":{"line":7,"column":66}},"6":{"start":{"line":9,"column":0},"end":{"line":9,"column":23}}},"fnMap":{},"branchMap":{},"s":{"0":1,"1":1,"2":1,"3":1,"4":1,"5":1,"6":1},"f":{},"b":{},"_coverageSchema":"1a1c01bbd47fc00a2c39e90264f33305004495a9","hash":"0fdd070fb716220380a317b912d3b203bf8e4e50"}
,"C:\\Users\\eduardo.langner\\Desktop\\see\\see-backend\\src\\routes\\indexRouter.js": {"path":"C:\\Users\\eduardo.langner\\Desktop\\see\\see-backend\\src\\routes\\indexRouter.js","statementMap":{"0":{"start":{"line":1,"column":16},"end":{"line":1,"column":34}},"1":{"start":{"line":2,"column":15},"end":{"line":2,"column":31}},"2":{"start":{"line":4,"column":0},"end":{"line":6,"column":2}},"3":{"start":{"line":5,"column":4},"end":{"line":5,"column":38}},"4":{"start":{"line":8,"column":0},"end":{"line":8,"column":23}}},"fnMap":{"0":{"name":"(anonymous_0)","decl":{"start":{"line":4,"column":16},"end":{"line":4,"column":17}},"loc":{"start":{"line":4,"column":30},"end":{"line":6,"column":1}},"line":4}},"branchMap":{},"s":{"0":1,"1":1,"2":1,"3":1,"4":1},"f":{"0":1},"b":{},"_coverageSchema":"1a1c01bbd47fc00a2c39e90264f33305004495a9","hash":"a68c580ff5755258e9262b38f69c39bacc36515b"}
,"C:\\Users\\eduardo.langner\\Desktop\\see\\see-backend\\src\\routes\\movieRouter.js": {"path":"C:\\Users\\eduardo.langner\\Desktop\\see\\see-backend\\src\\routes\\movieRouter.js","statementMap":{"0":{"start":{"line":1,"column":16},"end":{"line":1,"column":34}},"1":{"start":{"line":2,"column":24},"end":{"line":2,"column":65}},"2":{"start":{"line":3,"column":15},"end":{"line":3,"column":31}},"3":{"start":{"line":5,"column":0},"end":{"line":5,"column":54}},"4":{"start":{"line":6,"column":0},"end":{"line":6,"column":47}},"5":{"start":{"line":7,"column":0},"end":{"line":7,"column":66}},"6":{"start":{"line":9,"column":0},"end":{"line":9,"column":23}}},"fnMap":{},"branchMap":{},"s":{"0":1,"1":1,"2":1,"3":1,"4":1,"5":1,"6":1},"f":{},"b":{},"_coverageSchema":"1a1c01bbd47fc00a2c39e90264f33305004495a9","hash":"10bf33d1428fd1768cf3d8edb02d10ca6be114fe"}
,"C:\\Users\\eduardo.langner\\Desktop\\see\\see-backend\\src\\routes\\serieRouter.js": {"path":"C:\\Users\\eduardo.langner\\Desktop\\see\\see-backend\\src\\routes\\serieRouter.js","statementMap":{"0":{"start":{"line":1,"column":16},"end":{"line":1,"column":34}},"1":{"start":{"line":2,"column":24},"end":{"line":2,"column":65}},"2":{"start":{"line":3,"column":15},"end":{"line":3,"column":31}},"3":{"start":{"line":5,"column":0},"end":{"line":5,"column":54}},"4":{"start":{"line":6,"column":0},"end":{"line":6,"column":47}},"5":{"start":{"line":7,"column":0},"end":{"line":7,"column":66}},"6":{"start":{"line":9,"column":0},"end":{"line":9,"column":23}}},"fnMap":{},"branchMap":{},"s":{"0":1,"1":1,"2":1,"3":1,"4":1,"5":1,"6":1},"f":{},"b":{},"_coverageSchema":"1a1c01bbd47fc00a2c39e90264f33305004495a9","hash":"96747862839a20a92c184e9c27aaf958f544797c"}
}
